# JRE version: OpenJDK Runtime Environment (21.0.2+13) (build 21.0.2+13-58)
# Java VM: OpenJDK 64-Bit Server VM (21.0.2+13-58, mixed mode, sharing, tiered, compressed oops, compressed class ptrs, g1 gc, windows-amd64)
GC Precious Log:
 CardTable entry size: 512
 Card Set container configuration: InlinePtr #cards 5 size 8 Array Of Cards #cards 12 size 40 Howl #buckets 4 coarsen threshold 1843 Howl Bitmap #cards 512 size 80 coarsen threshold 460 Card regions per heap region 1 cards per card region 2048
 CPUs: 6 total, 6 available
 Memory: 8140M
 Large Page Support: Disabled
 NUMA Support: Disabled
 Compressed Oops: Enabled (32-bit)
 Heap Region Size: 1M
 Heap Min Capacity: 8M
 Heap Initial Capacity: 128M
 Heap Max Capacity: 2036M
 Pre-touch: Disabled
 Parallel Workers: 6
 Concurrent Workers: 2
 Concurrent Refinement Workers: 6
 Periodic GC: Disabled
Heap:
 garbage-first heap   total 78848K, used 35366K [0x0000000080c00000, 0x0000000100000000)
  region size 1024K, 4 young (4096K), 4 survivors (4096K)
 Metaspace       used 82922K, committed 83712K, reserved 1179648K
  class space    used 11018K, committed 11392K, reserved 1048576K
GC Heap History (20 events):
Event: 3861.369 GC heap after
{Heap after GC invocations=31 (full 1):
 garbage-first heap   total 60416K, used 29353K [0x0000000080c00000, 0x0000000100000000)
  region size 1024K, 3 young (3072K), 3 survivors (3072K)
 Metaspace       used 76261K, committed 76992K, reserved 1179648K
  class space    used 10191K, committed 10560K, reserved 1048576K
}
Event: 3872.265 GC heap before
{Heap before GC invocations=31 (full 1):
 garbage-first heap   total 60416K, used 48809K [0x0000000080c00000, 0x0000000100000000)
  region size 1024K, 23 young (23552K), 3 survivors (3072K)
 Metaspace       used 76959K, committed 77632K, reserved 1179648K
  class space    used 10278K, committed 10624K, reserved 1048576K
}
Event: 3872.270 GC heap after
{Heap after GC invocations=32 (full 1):
 garbage-first heap   total 60416K, used 30669K [0x0000000080c00000, 0x0000000100000000)
  region size 1024K, 3 young (3072K), 3 survivors (3072K)
 Metaspace       used 76959K, committed 77632K, reserved 1179648K
  class space    used 10278K, committed 10624K, reserved 1048576K
}
Event: 3872.916 GC heap before
{Heap before GC invocations=32 (full 1):
 garbage-first heap   total 60416K, used 50125K [0x0000000080c00000, 0x0000000100000000)
  region size 1024K, 22 young (22528K), 3 survivors (3072K)
 Metaspace       used 77027K, committed 77696K, reserved 1179648K
  class space    used 10282K, committed 10624K, reserved 1048576K
}
Event: 3872.921 GC heap after
{Heap after GC invocations=33 (full 1):
 garbage-first heap   total 60416K, used 31978K [0x0000000080c00000, 0x0000000100000000)
  region size 1024K, 2 young (2048K), 2 survivors (2048K)
 Metaspace       used 77027K, committed 77696K, reserved 1179648K
  class space    used 10282K, committed 10624K, reserved 1048576K
}
Event: 3873.301 GC heap before
{Heap before GC invocations=34 (full 1):
 garbage-first heap   total 60416K, used 50410K [0x0000000080c00000, 0x0000000100000000)
  region size 1024K, 21 young (21504K), 2 survivors (2048K)
 Metaspace       used 77163K, committed 77888K, reserved 1179648K
  class space    used 10291K, committed 10624K, reserved 1048576K
}
Event: 3873.304 GC heap after
{Heap after GC invocations=35 (full 1):
 garbage-first heap   total 60416K, used 33546K [0x0000000080c00000, 0x0000000100000000)
  region size 1024K, 3 young (3072K), 3 survivors (3072K)
 Metaspace       used 77163K, committed 77888K, reserved 1179648K
  class space    used 10291K, committed 10624K, reserved 1048576K
}
Event: 3873.703 GC heap before
{Heap before GC invocations=35 (full 1):
 garbage-first heap   total 60416K, used 49930K [0x0000000080c00000, 0x0000000100000000)
  region size 1024K, 20 young (20480K), 3 survivors (3072K)
 Metaspace       used 77640K, committed 78336K, reserved 1179648K
  class space    used 10312K, committed 10624K, reserved 1048576K
}
Event: 3873.707 GC heap after
{Heap after GC invocations=36 (full 1):
 garbage-first heap   total 60416K, used 35975K [0x0000000080c00000, 0x0000000100000000)
  region size 1024K, 3 young (3072K), 3 survivors (3072K)
 Metaspace       used 77640K, committed 78336K, reserved 1179648K
  class space    used 10312K, committed 10624K, reserved 1048576K
}
Event: 3873.918 GC heap before
{Heap before GC invocations=36 (full 1):
 garbage-first heap   total 60416K, used 51335K [0x0000000080c00000, 0x0000000100000000)
  region size 1024K, 18 young (18432K), 3 survivors (3072K)
 Metaspace       used 77792K, committed 78528K, reserved 1179648K
  class space    used 10334K, committed 10688K, reserved 1048576K
}
Event: 3873.922 GC heap after
{Heap after GC invocations=37 (full 1):
 garbage-first heap   total 60416K, used 37629K [0x0000000080c00000, 0x0000000100000000)
  region size 1024K, 2 young (2048K), 2 survivors (2048K)
 Metaspace       used 77792K, committed 78528K, reserved 1179648K
  class space    used 10334K, committed 10688K, reserved 1048576K
}
Event: 3877.427 GC heap before
{Heap before GC invocations=38 (full 1):
 garbage-first heap   total 66560K, used 48893K [0x0000000080c00000, 0x0000000100000000)
  region size 1024K, 14 young (14336K), 2 survivors (2048K)
 Metaspace       used 77973K, committed 78784K, reserved 1179648K
  class space    used 10364K, committed 10752K, reserved 1048576K
}
Event: 3877.483 GC heap after
{Heap after GC invocations=39 (full 2):
 garbage-first heap   total 66560K, used 26960K [0x0000000080c00000, 0x0000000100000000)
  region size 1024K, 0 young (0K), 0 survivors (0K)
 Metaspace       used 77860K, committed 78784K, reserved 1179648K
  class space    used 10337K, committed 10752K, reserved 1048576K
}
Event: 3878.952 GC heap before
{Heap before GC invocations=39 (full 2):
 garbage-first heap   total 66560K, used 54608K [0x0000000080c00000, 0x0000000100000000)
  region size 1024K, 27 young (27648K), 0 survivors (0K)
 Metaspace       used 77933K, committed 78784K, reserved 1179648K
  class space    used 10342K, committed 10752K, reserved 1048576K
}
Event: 3878.954 GC heap after
{Heap after GC invocations=40 (full 2):
 garbage-first heap   total 66560K, used 29873K [0x0000000080c00000, 0x0000000100000000)
  region size 1024K, 3 young (3072K), 3 survivors (3072K)
 Metaspace       used 77933K, committed 78784K, reserved 1179648K
  class space    used 10342K, committed 10752K, reserved 1048576K
}
Event: 3879.190 GC heap before
{Heap before GC invocations=41 (full 2):
 garbage-first heap   total 66560K, used 55473K [0x0000000080c00000, 0x0000000100000000)
  region size 1024K, 29 young (29696K), 3 survivors (3072K)
 Metaspace       used 78084K, committed 78912K, reserved 1179648K
  class space    used 10351K, committed 10752K, reserved 1048576K
}
Event: 3879.194 GC heap after
{Heap after GC invocations=42 (full 2):
 garbage-first heap   total 66560K, used 31919K [0x0000000080c00000, 0x0000000100000000)
  region size 1024K, 3 young (3072K), 3 survivors (3072K)
 Metaspace       used 78084K, committed 78912K, reserved 1179648K
  class space    used 10351K, committed 10752K, reserved 1048576K
}
Event: 3879.597 GC heap before
{Heap before GC invocations=42 (full 2):
 garbage-first heap   total 66560K, used 55471K [0x0000000080c00000, 0x0000000100000000)
  region size 1024K, 26 young (26624K), 3 survivors (3072K)
 Metaspace       used 78481K, committed 79296K, reserved 1179648K
  class space    used 10371K, committed 10752K, reserved 1048576K
}
Event: 3879.685 GC heap after
{Heap after GC invocations=43 (full 2):
 garbage-first heap   total 66560K, used 33646K [0x0000000080c00000, 0x0000000100000000)
  region size 1024K, 2 young (2048K), 2 survivors (2048K)
 Metaspace       used 78481K, committed 79296K, reserved 1179648K
  class space    used 10371K, committed 10752K, reserved 1048576K
}
Event: 3888.245 GC heap before
{Heap before GC invocations=43 (full 2):
 garbage-first heap   total 66560K, used 57198K [0x0000000080c00000, 0x0000000100000000)
  region size 1024K, 26 young (26624K), 2 survivors (2048K)
 Metaspace       used 82922K, committed 83712K, reserved 1179648K
  class space    used 11018K, committed 11392K, reserved 1048576K
}

